<?xml version="1.0" encoding="UTF-8"?>
<!-- Generated by org.testng.reporters.JUnitReportReporter -->
<testsuite skipped="1" hostname="Vinods-MacBook-Pro.local" name="com.ovs.tests.UTC03_AddContacts" tests="21" failures="0" timestamp="20 Oct 2018 01:22:13 GMT" time="12.736" errors="0">
  <testcase name="UTC03_01_AddValidContact" time="0.729" classname="com.ovs.tests.UTC03_AddContacts"/>
  <testcase name="UTC03_01_AddValidContact" time="0.695" classname="com.ovs.tests.UTC03_AddContacts"/>
  <testcase name="UTC03_01_AddValidContact" time="0.622" classname="com.ovs.tests.UTC03_AddContacts"/>
  <testcase name="UTC03_01_AddValidContact" time="0.657" classname="com.ovs.tests.UTC03_AddContacts"/>
  <testcase name="UTC03_01_AddValidContact" time="0.578" classname="com.ovs.tests.UTC03_AddContacts"/>
  <testcase name="UTC03_01_AddValidContact" time="0.607" classname="com.ovs.tests.UTC03_AddContacts"/>
  <testcase name="UTC03_01_AddValidContact" time="0.621" classname="com.ovs.tests.UTC03_AddContacts"/>
  <testcase name="UTC03_01_AddValidContact" time="0.664" classname="com.ovs.tests.UTC03_AddContacts"/>
  <testcase name="UTC03_01_AddValidContact" time="0.692" classname="com.ovs.tests.UTC03_AddContacts"/>
  <testcase name="UTC03_01_AddValidContact" time="0.649" classname="com.ovs.tests.UTC03_AddContacts"/>
  <testcase name="UTC03_01_AddValidContact" time="0.627" classname="com.ovs.tests.UTC03_AddContacts"/>
  <testcase name="UTC03_01_AddValidContact" time="0.685" classname="com.ovs.tests.UTC03_AddContacts"/>
  <testcase name="UTC03_01_AddValidContact" time="0.623" classname="com.ovs.tests.UTC03_AddContacts"/>
  <testcase name="UTC03_01_AddValidContact" time="0.640" classname="com.ovs.tests.UTC03_AddContacts"/>
  <testcase name="UTC03_01_AddValidContact" time="0.620" classname="com.ovs.tests.UTC03_AddContacts"/>
  <testcase name="UTC03_01_AddValidContact" time="0.667" classname="com.ovs.tests.UTC03_AddContacts"/>
  <testcase name="UTC03_01_AddValidContact" time="0.594" classname="com.ovs.tests.UTC03_AddContacts"/>
  <testcase name="UTC03_01_AddValidContact" time="0.706" classname="com.ovs.tests.UTC03_AddContacts"/>
  <testcase name="UTC03_01_AddValidContact" time="0.562" classname="com.ovs.tests.UTC03_AddContacts"/>
  <testcase name="UTC03_01_AddValidContact" time="0.498" classname="com.ovs.tests.UTC03_AddContacts"/>
  <testcase name="someTest" classname="com.ovs.tests.UTC03_AddContacts">
    <skipped/>
  </testcase> <!-- someTest -->
</testsuite> <!-- com.ovs.tests.UTC03_AddContacts -->
