<?xml version="1.0" encoding="UTF-8"?>
<!-- Generated by org.testng.reporters.JUnitReportReporter -->
<testsuite skipped="0" hostname="Vinods-MacBook-Pro.local" name="com.ovs.tests.UTC01_HelloTestng" tests="1" failures="0" timestamp="20 Oct 2018 00:02:20 GMT" time="0.021" errors="0">
  <testcase name="UTC01_01_BasicTestCase" time="0.021" classname="com.ovs.tests.UTC01_HelloTestng"/>
</testsuite> <!-- com.ovs.tests.UTC01_HelloTestng -->
