<?xml version="1.0" encoding="UTF-8"?>
<!-- Generated by org.testng.reporters.JUnitReportReporter -->
<testsuite skipped="0" hostname="Vinods-MacBook-Pro.local" name="com.ovs.tests.UTC03_TestAddContacts" tests="4" failures="0" timestamp="18 Oct 2018 01:06:54 GMT" time="2.772" errors="0">
  <testcase name="UTC03_01_AddNewContact" time="0.565" classname="com.ovs.tests.UTC03_TestAddContacts"/>
  <testcase name="UTC03_01_AddNewContact" time="0.842" classname="com.ovs.tests.UTC03_TestAddContacts"/>
  <testcase name="UTC03_01_AddNewContact" time="0.711" classname="com.ovs.tests.UTC03_TestAddContacts"/>
  <testcase name="UTC03_01_AddNewContact" time="0.654" classname="com.ovs.tests.UTC03_TestAddContacts"/>
</testsuite> <!-- com.ovs.tests.UTC03_TestAddContacts -->
