<?xml version="1.0" encoding="UTF-8"?>
<!-- Generated by org.testng.reporters.JUnitReportReporter -->
<testsuite skipped="0" hostname="Vinods-MacBook-Pro.local" name="com.ovs.tests.UTC01_DummyTest" tests="4" failures="0" timestamp="18 Oct 2018 00:39:41 GMT" time="0.031" errors="0">
  <testcase name="UTC01_01_TestLogin" time="0.004" classname="com.ovs.tests.UTC01_DummyTest"/>
  <testcase name="UTC01_04_TestUpdatePersonalInfo" time="0.003" classname="com.ovs.tests.UTC01_DummyTest"/>
  <testcase name="UTC01_03_TestUpdatePassword" time="0.005" classname="com.ovs.tests.UTC01_DummyTest"/>
  <testcase name="UTC01_02_TestLogout" time="0.019" classname="com.ovs.tests.UTC01_DummyTest"/>
</testsuite> <!-- com.ovs.tests.UTC01_DummyTest -->
