<?xml version="1.0" encoding="UTF-8"?>
<!-- Generated by org.testng.reporters.JUnitReportReporter -->
<testsuite skipped="0" hostname="Vinods-MacBook-Pro.local" name="com.ovs.tests.UTC02_DummyTest" tests="2" failures="0" timestamp="18 Oct 2018 00:39:41 GMT" time="0.013" errors="0">
  <testcase name="f1" time="0.008" classname="com.ovs.tests.UTC02_DummyTest"/>
  <testcase name="f2" time="0.005" classname="com.ovs.tests.UTC02_DummyTest"/>
</testsuite> <!-- com.ovs.tests.UTC02_DummyTest -->
